<?xml version="1.0" encoding="UTF-8"?>
<!-- Generated by org.testng.reporters.JUnitReportReporter -->
<testsuite hostname="emelie-VirtualBox" name="com.calculator.maven._pass_emelieSannerfeltSaraChristensen.BasicCalculatorTest" tests="12" failures="0" timestamp="1 Apr 2021 08:47:38 GMT" time="0.038" errors="0">
  <testcase name="testMultiplicationNegative" time="0.003" classname="com.calculator.maven._pass_emelieSannerfeltSaraChristensen.BasicCalculatorTest"/>
  <testcase name="testSubtractionPositive" time="0.003" classname="com.calculator.maven._pass_emelieSannerfeltSaraChristensen.BasicCalculatorTest"/>
  <testcase name="testSubtractionZero" time="0.000" classname="com.calculator.maven._pass_emelieSannerfeltSaraChristensen.BasicCalculatorTest"/>
  <testcase name="testDivisionZero" time="0.000" classname="com.calculator.maven._pass_emelieSannerfeltSaraChristensen.BasicCalculatorTest"/>
  <testcase name="testAdditionPositive" time="0.008" classname="com.calculator.maven._pass_emelieSannerfeltSaraChristensen.BasicCalculatorTest"/>
  <testcase name="testAdditionNegative" time="0.004" classname="com.calculator.maven._pass_emelieSannerfeltSaraChristensen.BasicCalculatorTest"/>
  <testcase name="testDivisionPositive" time="0.003" classname="com.calculator.maven._pass_emelieSannerfeltSaraChristensen.BasicCalculatorTest"/>
  <testcase name="testSubtractionNegative" time="0.003" classname="com.calculator.maven._pass_emelieSannerfeltSaraChristensen.BasicCalculatorTest"/>
  <testcase name="testDivisionNegative" time="0.003" classname="com.calculator.maven._pass_emelieSannerfeltSaraChristensen.BasicCalculatorTest"/>
  <testcase name="testMultiplicationPositive" time="0.004" classname="com.calculator.maven._pass_emelieSannerfeltSaraChristensen.BasicCalculatorTest"/>
  <testcase name="testAdditionZero" time="0.000" classname="com.calculator.maven._pass_emelieSannerfeltSaraChristensen.BasicCalculatorTest"/>
  <testcase name="testMultiplicationZero" time="0.007" classname="com.calculator.maven._pass_emelieSannerfeltSaraChristensen.BasicCalculatorTest"/>
</testsuite> <!-- com.calculator.maven._pass_emelieSannerfeltSaraChristensen.BasicCalculatorTest -->
