<?xml version="1.0" encoding="UTF-8"?>
<!-- Generated by org.testng.reporters.JUnitReportReporter -->
<testsuite hostname="emelie-VirtualBox" name="com.calculator.maven._pass_emelieSannerfeltSaraChristensen.AdvancedCalculatorTest" tests="7" failures="0" timestamp="1 Apr 2021 08:47:38 GMT" time="0.019" errors="0">
  <testcase name="testSquareNegative" time="0.002" classname="com.calculator.maven._pass_emelieSannerfeltSaraChristensen.AdvancedCalculatorTest"/>
  <testcase name="testraisedToThePowerOfPositive" time="0.003" classname="com.calculator.maven._pass_emelieSannerfeltSaraChristensen.AdvancedCalculatorTest"/>
  <testcase name="testCubePositive" time="0.003" classname="com.calculator.maven._pass_emelieSannerfeltSaraChristensen.AdvancedCalculatorTest"/>
  <testcase name="testAbsoluteValuePositive" time="0.003" classname="com.calculator.maven._pass_emelieSannerfeltSaraChristensen.AdvancedCalculatorTest"/>
  <testcase name="testCubeNegative" time="0.003" classname="com.calculator.maven._pass_emelieSannerfeltSaraChristensen.AdvancedCalculatorTest"/>
  <testcase name="testSquareRootPositive" time="0.003" classname="com.calculator.maven._pass_emelieSannerfeltSaraChristensen.AdvancedCalculatorTest"/>
  <testcase name="testSquarePositive" time="0.002" classname="com.calculator.maven._pass_emelieSannerfeltSaraChristensen.AdvancedCalculatorTest"/>
</testsuite> <!-- com.calculator.maven._pass_emelieSannerfeltSaraChristensen.AdvancedCalculatorTest -->
